Using pre-set license
Built from '2020.3/staging' branch; Version is '2020.3.21f1 (a38c86f6690f) revision 10718342'; Using compiler version '192528614'; Build Type 'Release'
OS: 'Windows 10 Home Single Language; OS build 19043.1288; Version 2009; 64bit' Language: 'es' Physical Memory: 14490 MB
BatchMode: 1, IsHumanControllingUs: 0, StartBugReporterOnCrash: 0, Is64bit: 1, IsPro: 0

COMMAND LINE ARGUMENTS:
C:\Program Files\Unity\Hub\Editor\2020.3.21f1\Editor\Unity.exe
-adb2
-batchMode
-noUpm
-name
AssetImportWorker0
-projectPath
C:/Users/adio_/Documents/marioBros-mushroom-AR-app
-logFile
Logs/AssetImportWorker0.log
-srvPort
55519
Successfully changed project path to: C:/Users/adio_/Documents/marioBros-mushroom-AR-app
C:/Users/adio_/Documents/marioBros-mushroom-AR-app
Using Asset Import Pipeline V2.
Refreshing native plugins compatible for Editor in 244.24 ms, found 2 plugins.
Preloading 0 native plugins for Editor in 0.00 ms.
Initialize engine version: 2020.3.21f1 (a38c86f6690f)
[Subsystems] Discovering subsystems at path C:/Program Files/Unity/Hub/Editor/2020.3.21f1/Editor/Data/Resources/UnitySubsystems
[Subsystems] Discovering subsystems at path C:/Users/adio_/Documents/marioBros-mushroom-AR-app/Assets
GfxDevice: creating device client; threaded=0
Direct3D:
    Version:  Direct3D 11.0 [level 11.1]
    Renderer: NVIDIA GeForce GTX 1050 (ID=0x1c8d)
    Vendor:   
    VRAM:     1977 MB
    Driver:   30.0.14.9613
Initialize mono
Mono path[0] = 'C:/Program Files/Unity/Hub/Editor/2020.3.21f1/Editor/Data/Managed'
Mono path[1] = 'C:/Program Files/Unity/Hub/Editor/2020.3.21f1/Editor/Data/MonoBleedingEdge/lib/mono/unityjit'
Mono config path = 'C:/Program Files/Unity/Hub/Editor/2020.3.21f1/Editor/Data/MonoBleedingEdge/etc'
Using monoOptions --debugger-agent=transport=dt_socket,embedding=1,server=y,suspend=n,address=127.0.0.1:56356
Begin MonoManager ReloadAssembly
Registering precompiled unity dll's ...
Register platform support module: C:/Program Files/Unity/Hub/Editor/2020.3.21f1/Editor/Data/PlaybackEngines/WindowsStandaloneSupport/UnityEditor.WindowsStandalone.Extensions.dll
Registered in 0.003242 seconds.
Native extension for WindowsStandalone target not found
Refreshing native plugins compatible for Editor in 85.69 ms, found 2 plugins.
Preloading 0 native plugins for Editor in 0.00 ms.
Mono: successfully reloaded assembly
- Completed reload, in  7.616 seconds
Domain Reload Profiling:
	ReloadAssembly (7616ms)
		BeginReloadAssembly (215ms)
			ExecutionOrderSort (0ms)
			DisableScriptedObjects (0ms)
			BackupInstance (0ms)
			ReleaseScriptingObjects (0ms)
			CreateAndSetChildDomain (2ms)
		EndReloadAssembly (1165ms)
			LoadAssemblies (207ms)
			RebuildTransferFunctionScriptingTraits (0ms)
			SetupTypeCache (502ms)
			ReleaseScriptCaches (0ms)
			RebuildScriptCaches (52ms)
			SetupLoadedEditorAssemblies (432ms)
				LogAssemblyErrors (0ms)
				InitializePlatformSupportModulesInManaged (7ms)
				SetLoadedEditorAssemblies (0ms)
				RefreshPlugins (86ms)
				BeforeProcessingInitializeOnLoad (14ms)
				ProcessInitializeOnLoadAttributes (249ms)
				ProcessInitializeOnLoadMethodAttributes (75ms)
				AfterProcessingInitializeOnLoad (0ms)
				EditorAssembliesLoaded (1ms)
			ExecutionOrderSort2 (0ms)
			AwakeInstancesAfterBackupRestoration (0ms)
Platform modules already initialized, skipping
Registering precompiled user dll's ...
Registered in 0.016451 seconds.
Begin MonoManager ReloadAssembly
Native extension for WindowsStandalone target not found
Refreshing native plugins compatible for Editor in 1.51 ms, found 2 plugins.
Preloading 0 native plugins for Editor in 0.00 ms.
Mono: successfully reloaded assembly
- Completed reload, in  2.743 seconds
Domain Reload Profiling:
	ReloadAssembly (2744ms)
		BeginReloadAssembly (448ms)
			ExecutionOrderSort (0ms)
			DisableScriptedObjects (17ms)
			BackupInstance (0ms)
			ReleaseScriptingObjects (0ms)
			CreateAndSetChildDomain (42ms)
		EndReloadAssembly (2165ms)
			LoadAssemblies (285ms)
			RebuildTransferFunctionScriptingTraits (0ms)
			SetupTypeCache (741ms)
			ReleaseScriptCaches (0ms)
			RebuildScriptCaches (126ms)
			SetupLoadedEditorAssemblies (753ms)
				LogAssemblyErrors (0ms)
				InitializePlatformSupportModulesInManaged (25ms)
				SetLoadedEditorAssemblies (1ms)
				RefreshPlugins (2ms)
				BeforeProcessingInitializeOnLoad (164ms)
				ProcessInitializeOnLoadAttributes (438ms)
				ProcessInitializeOnLoadMethodAttributes (96ms)
				AfterProcessingInitializeOnLoad (26ms)
				EditorAssembliesLoaded (1ms)
			ExecutionOrderSort2 (0ms)
			AwakeInstancesAfterBackupRestoration (24ms)
Platform modules already initialized, skipping
========================================================================
Worker process is ready to serve import requests
Launched and connected shader compiler UnityShaderCompiler.exe after 0.10 seconds
Refreshing native plugins compatible for Editor in 1.28 ms, found 2 plugins.
Preloading 0 native plugins for Editor in 0.00 ms.
Unloading 2125 Unused Serialized files (Serialized files now loaded: 0)
System memory in use before: 86.9 MB.
System memory in use after: 87.0 MB.

Unloading 58 unused Assets to reduce memory usage. Loaded Objects now: 2531.
Total: 11.920800 ms (FindLiveObjects: 0.320800 ms CreateObjectMapping: 0.118200 ms MarkObjects: 11.393100 ms  DeleteObjects: 0.087100 ms)

AssetImportParameters requested are different than current active one (requested -> active):
  custom:framework-win-MediaFoundation: 216162199b28c13a410421893ffa2e32 -> 
  custom:video-decoder-ogg-theora: a1e56fd34408186e4bbccfd4996cb3dc -> 
  custom:container-muxer-webm: aa71ff27fc2769a1b78a27578f13a17b -> 
  custom:container-demuxer-webm: 4f35f7cbe854078d1ac9338744f61a02 -> 
  custom:container-demuxer-ogg: 62fdf1f143b41e24485cea50d1cbac27 -> 
  custom:video-encoder-webm-vp8: eb34c28f22e8b96e1ab97ce403110664 -> 
  custom:video-decoder-webm-vp8: 9c59270c3fd7afecdb556c50c9e8de78 -> 
  custom:audio-decoder-ogg-vorbis: bf7c407c2cedff20999df2af8eb42d56 -> 
  custom:audio-encoder-webm-vorbis: bf7c407c2cedff20999df2af8eb42d56 -> 
========================================================================
Received Import Request.
  path: Assets/Resources/mushroom.blend
  artifactKey: Guid(5e2ff643a2381eb45b4e0616755df023) Importer(815301076,1909f56bfc062723c751e8b465ee728b)
Start importing Assets/Resources/mushroom.blend using Guid(5e2ff643a2381eb45b4e0616755df023) Importer(815301076,1909f56bfc062723c751e8b465ee728b)  -> (artifact id: '9df03b8ef44e3e9fa97d0fd31ad1ee90') in 0.317465 seconds 
  Import took 0.326923 seconds .

========================================================================
Received Import Request.
  Time since last request: 0.000273 seconds.
  path: Assets/Resources/BillingMode.json
  artifactKey: Guid(6408eae88983d074cb64f7b420c31cf5) Importer(815301076,1909f56bfc062723c751e8b465ee728b)
Start importing Assets/Resources/BillingMode.json using Guid(6408eae88983d074cb64f7b420c31cf5) Importer(815301076,1909f56bfc062723c751e8b465ee728b)  -> (artifact id: '9b3f2cb5d0931b87c5b25039b973bb59') in 0.029699 seconds 
  Import took 0.037390 seconds .

========================================================================
Received Import Request.
  Time since last request: 0.000259 seconds.
  path: Assets/Resources/VuforiaConfiguration.asset
  artifactKey: Guid(70ec90ee57339fc4986cc63750e6a295) Importer(815301076,1909f56bfc062723c751e8b465ee728b)
Start importing Assets/Resources/VuforiaConfiguration.asset using Guid(70ec90ee57339fc4986cc63750e6a295) Importer(815301076,1909f56bfc062723c751e8b465ee728b)  -> (artifact id: '5a2b36dfd2409f8c63bba00301314674') in 0.018283 seconds 
  Import took 0.025604 seconds .

========================================================================
Received Import Request.
  Time since last request: 13.193853 seconds.
  path: Assets/Editor/Vuforia/ImageTargetTextures/mushroom/mushroom_scaled.jpg
  artifactKey: Guid(239f5e01b05544eb99e82092828ad6e7) Importer(815301076,1909f56bfc062723c751e8b465ee728b)
Start importing Assets/Editor/Vuforia/ImageTargetTextures/mushroom/mushroom_scaled.jpg using Guid(239f5e01b05544eb99e82092828ad6e7) Importer(815301076,1909f56bfc062723c751e8b465ee728b)  -> (artifact id: '831267c07e63f1c7addafe6aeac6e4f3') in 0.090602 seconds 
  Import took 0.097110 seconds .

========================================================================
Received Prepare
Refreshing native plugins compatible for Editor in 15.68 ms, found 2 plugins.
Preloading 0 native plugins for Editor in 0.00 ms.
Unloading 47 Unused Serialized files (Serialized files now loaded: 0)
System memory in use before: 48.4 MB.
System memory in use after: 48.5 MB.

Unloading 47 unused Assets to reduce memory usage. Loaded Objects now: 2575.
Total: 86.003100 ms (FindLiveObjects: 1.011500 ms CreateObjectMapping: 0.116800 ms MarkObjects: 84.833700 ms  DeleteObjects: 0.039500 ms)

AssetImportParameters requested are different than current active one (requested -> active):
  custom:framework-win-MediaFoundation: 216162199b28c13a410421893ffa2e32 -> 
  custom:video-decoder-ogg-theora: a1e56fd34408186e4bbccfd4996cb3dc -> 
  custom:container-muxer-webm: aa71ff27fc2769a1b78a27578f13a17b -> 
  custom:container-demuxer-webm: 4f35f7cbe854078d1ac9338744f61a02 -> 
  custom:container-demuxer-ogg: 62fdf1f143b41e24485cea50d1cbac27 -> 
  custom:video-encoder-webm-vp8: eb34c28f22e8b96e1ab97ce403110664 -> 
  custom:video-decoder-webm-vp8: 9c59270c3fd7afecdb556c50c9e8de78 -> 
  custom:audio-decoder-ogg-vorbis: bf7c407c2cedff20999df2af8eb42d56 -> 
  custom:audio-encoder-webm-vorbis: bf7c407c2cedff20999df2af8eb42d56 -> 
========================================================================
Received Prepare
Refreshing native plugins compatible for Editor in 11.28 ms, found 2 plugins.
Preloading 0 native plugins for Editor in 0.00 ms.
Unloading 47 Unused Serialized files (Serialized files now loaded: 0)
System memory in use before: 48.4 MB.
System memory in use after: 48.5 MB.

Unloading 47 unused Assets to reduce memory usage. Loaded Objects now: 2575.
Total: 8.453300 ms (FindLiveObjects: 0.211300 ms CreateObjectMapping: 0.084800 ms MarkObjects: 8.120800 ms  DeleteObjects: 0.035400 ms)

AssetImportParameters requested are different than current active one (requested -> active):
  custom:framework-win-MediaFoundation: 216162199b28c13a410421893ffa2e32 -> 
  custom:video-decoder-ogg-theora: a1e56fd34408186e4bbccfd4996cb3dc -> 
  custom:container-muxer-webm: aa71ff27fc2769a1b78a27578f13a17b -> 
  custom:container-demuxer-webm: 4f35f7cbe854078d1ac9338744f61a02 -> 
  custom:container-demuxer-ogg: 62fdf1f143b41e24485cea50d1cbac27 -> 
  custom:video-encoder-webm-vp8: eb34c28f22e8b96e1ab97ce403110664 -> 
  custom:video-decoder-webm-vp8: 9c59270c3fd7afecdb556c50c9e8de78 -> 
  custom:audio-decoder-ogg-vorbis: bf7c407c2cedff20999df2af8eb42d56 -> 
  custom:audio-encoder-webm-vorbis: bf7c407c2cedff20999df2af8eb42d56 -> 
========================================================================
Received Import Request.
  Time since last request: 6680.010280 seconds.
  path: Assets/Vuforia/Scripts/VuforiaScripts.asmdef
  artifactKey: Guid(4aa734a563557450591d3fe58a62a120) Importer(815301076,1909f56bfc062723c751e8b465ee728b)
Start importing Assets/Vuforia/Scripts/VuforiaScripts.asmdef using Guid(4aa734a563557450591d3fe58a62a120) Importer(815301076,1909f56bfc062723c751e8b465ee728b)  -> (artifact id: '3444c67a9128f997b5e1a438416cbb12') in 0.010179 seconds 
  Import took 0.015459 seconds .

========================================================================
Received Import Request.
  Time since last request: 3.665182 seconds.
  path: Assets/Vuforia/Scripts/BoundingBoxRenderer.cs
  artifactKey: Guid(b0768a105a9bd48409a689214808185f) Importer(815301076,1909f56bfc062723c751e8b465ee728b)
Start importing Assets/Vuforia/Scripts/BoundingBoxRenderer.cs using Guid(b0768a105a9bd48409a689214808185f) Importer(815301076,1909f56bfc062723c751e8b465ee728b)  -> (artifact id: '3a2dd7c3304f86d28bcb65ec75153cd9') in 0.007464 seconds 
  Import took 0.010977 seconds .

========================================================================
Received Import Request.
  Time since last request: 4.893434 seconds.
  path: Assets/Vuforia/Scripts/DefaultTrackableEventHandler.cs
  artifactKey: Guid(5a917f0af64a6423093132dab321c15f) Importer(815301076,1909f56bfc062723c751e8b465ee728b)
Start importing Assets/Vuforia/Scripts/DefaultTrackableEventHandler.cs using Guid(5a917f0af64a6423093132dab321c15f) Importer(815301076,1909f56bfc062723c751e8b465ee728b)  -> (artifact id: '2a7b903020076c1ec2be959813b88516') in 0.007163 seconds 
  Import took 0.010496 seconds .

========================================================================
Received Import Request.
  Time since last request: 5.989543 seconds.
  path: Assets/Vuforia/Scripts/DefaultModelRecoEventHandler.cs
  artifactKey: Guid(fabb808b641aeac42aaabc701a5b885e) Importer(815301076,1909f56bfc062723c751e8b465ee728b)
Start importing Assets/Vuforia/Scripts/DefaultModelRecoEventHandler.cs using Guid(fabb808b641aeac42aaabc701a5b885e) Importer(815301076,1909f56bfc062723c751e8b465ee728b)  -> (artifact id: '7ce3638ad0581bf63ef89bd10718a840') in 0.006204 seconds 
  Import took 0.009680 seconds .

========================================================================
Received Import Request.
  Time since last request: 0.470261 seconds.
  path: Assets/Vuforia/Scripts/DefaultInitializationErrorHandler.cs
  artifactKey: Guid(c47f92041efbb4b429a4eafca855ebe3) Importer(815301076,1909f56bfc062723c751e8b465ee728b)
Start importing Assets/Vuforia/Scripts/DefaultInitializationErrorHandler.cs using Guid(c47f92041efbb4b429a4eafca855ebe3) Importer(815301076,1909f56bfc062723c751e8b465ee728b)  -> (artifact id: '1de22429008579dfb6ab84907305d52b') in 0.006911 seconds 
  Import took 0.010996 seconds .

========================================================================
Received Import Request.
  Time since last request: 0.476927 seconds.
  path: Assets/Vuforia/Scripts/Internal
  artifactKey: Guid(f5cecbfda7a73445eb60d7bcdface705) Importer(815301076,1909f56bfc062723c751e8b465ee728b)
Start importing Assets/Vuforia/Scripts/Internal using Guid(f5cecbfda7a73445eb60d7bcdface705) Importer(815301076,1909f56bfc062723c751e8b465ee728b)  -> (artifact id: '3e698edc8d7c6a43843ed32ee3ac6ee8') in 0.010092 seconds 
  Import took 0.013196 seconds .

========================================================================
Received Import Request.
  Time since last request: 1.328382 seconds.
  path: Assets/Vuforia/Scripts/Internal/RuntimeOpenSourceInitializer.cs
  artifactKey: Guid(2540246fb3ca1c34a9358b891acb61f5) Importer(815301076,1909f56bfc062723c751e8b465ee728b)
Start importing Assets/Vuforia/Scripts/Internal/RuntimeOpenSourceInitializer.cs using Guid(2540246fb3ca1c34a9358b891acb61f5) Importer(815301076,1909f56bfc062723c751e8b465ee728b)  -> (artifact id: '21da70014829199558816bafa243583c') in 0.008625 seconds 
  Import took 0.014056 seconds .

AssetImportWorkerClient::OnTransportError - code=2 error=End of file
